Login error: PrismaClientUnknownRequestError: 
Invalid `prisma.users.findFirst()` invocation in
/home/iwakrejo/api.iwakrejosari.com/src/controllers/auth.controller.js:147:37

  144 }
  145 
  146 // CARI USER MENGGUNAKAN PENGENAL BARU DI KEDUA KOLOM
→ 147 const user = await prisma.users.findFirst(
Error occurred during query execution:
ConnectorError(ConnectorError { user_facing_error: None, kind: QueryError(PostgresError { code: "42501", message: "permission denied for schema auth", severity: "ERROR", detail: None, column: None, hint: None }), transient: false })
    at ei.handleRequestError (/home/iwakrejo/api.iwakrejosari.com/src/generated/client/runtime/library.js:125:7458)
    at ei.handleAndLogRequestError (/home/iwakrejo/api.iwakrejosari.com/src/generated/client/runtime/library.js:125:6593)
    at ei.request (/home/iwakrejo/api.iwakrejosari.com/src/generated/client/runtime/library.js:125:6300)
    at async a (/home/iwakrejo/api.iwakrejosari.com/src/generated/client/runtime/library.js:134:9551)
    at async exports.login (/home/iwakrejo/api.iwakrejosari.com/src/controllers/auth.controller.js:147:18) {
  clientVersion: '6.19.0'
}
Login error: PrismaClientUnknownRequestError: 
Invalid `prisma.users.findFirst()` invocation in
/home/iwakrejo/api.iwakrejosari.com/src/controllers/auth.controller.js:147:37

  144 }
  145 
  146 // CARI USER MENGGUNAKAN PENGENAL BARU DI KEDUA KOLOM
→ 147 const user = await prisma.users.findFirst(
Error occurred during query execution:
ConnectorError(ConnectorError { user_facing_error: None, kind: QueryError(PostgresError { code: "42501", message: "permission denied for schema auth", severity: "ERROR", detail: None, column: None, hint: None }), transient: false })
    at ei.handleRequestError (/home/iwakrejo/api.iwakrejosari.com/src/generated/client/runtime/library.js:125:7458)
    at ei.handleAndLogRequestError (/home/iwakrejo/api.iwakrejosari.com/src/generated/client/runtime/library.js:125:6593)
    at ei.request (/home/iwakrejo/api.iwakrejosari.com/src/generated/client/runtime/library.js:125:6300)
    at async a (/home/iwakrejo/api.iwakrejosari.com/src/generated/client/runtime/library.js:134:9551)
    at async exports.login (/home/iwakrejo/api.iwakrejosari.com/src/controllers/auth.controller.js:147:18) {
  clientVersion: '6.19.0'
}
Login error: PrismaClientUnknownRequestError: 
Invalid `prisma.users.findFirst()` invocation in
/home/iwakrejo/api.iwakrejosari.com/src/controllers/auth.controller.js:147:37

  144 }
  145 
  146 // CARI USER MENGGUNAKAN PENGENAL BARU DI KEDUA KOLOM
→ 147 const user = await prisma.users.findFirst(
Error occurred during query execution:
ConnectorError(ConnectorError { user_facing_error: None, kind: QueryError(PostgresError { code: "42501", message: "permission denied for schema auth", severity: "ERROR", detail: None, column: None, hint: None }), transient: false })
    at ei.handleRequestError (/home/iwakrejo/api.iwakrejosari.com/src/generated/client/runtime/library.js:125:7458)
    at ei.handleAndLogRequestError (/home/iwakrejo/api.iwakrejosari.com/src/generated/client/runtime/library.js:125:6593)
    at ei.request (/home/iwakrejo/api.iwakrejosari.com/src/generated/client/runtime/library.js:125:6300)
    at async a (/home/iwakrejo/api.iwakrejosari.com/src/generated/client/runtime/library.js:134:9551)
    at async exports.login (/home/iwakrejo/api.iwakrejosari.com/src/controllers/auth.controller.js:147:18) {
  clientVersion: '6.19.0'
}
Login error: PrismaClientUnknownRequestError: 
Invalid `prisma.users.findFirst()` invocation in
/home/iwakrejo/api.iwakrejosari.com/src/controllers/auth.controller.js:147:37

  144 }
  145 
  146 // CARI USER MENGGUNAKAN PENGENAL BARU DI KEDUA KOLOM
→ 147 const user = await prisma.users.findFirst(
Error occurred during query execution:
ConnectorError(ConnectorError { user_facing_error: None, kind: QueryError(PostgresError { code: "42501", message: "permission denied for schema auth", severity: "ERROR", detail: None, column: None, hint: None }), transient: false })
    at ei.handleRequestError (/home/iwakrejo/api.iwakrejosari.com/src/generated/client/runtime/library.js:125:7458)
    at ei.handleAndLogRequestError (/home/iwakrejo/api.iwakrejosari.com/src/generated/client/runtime/library.js:125:6593)
    at ei.request (/home/iwakrejo/api.iwakrejosari.com/src/generated/client/runtime/library.js:125:6300)
    at async a (/home/iwakrejo/api.iwakrejosari.com/src/generated/client/runtime/library.js:134:9551)
    at async exports.login (/home/iwakrejo/api.iwakrejosari.com/src/controllers/auth.controller.js:147:18) {
  clientVersion: '6.19.0'
}
Login error: PrismaClientUnknownRequestError: 
Invalid `prisma.users.findFirst()` invocation in
/home/iwakrejo/api.iwakrejosari.com/src/controllers/auth.controller.js:147:37

  144 }
  145 
  146 // CARI USER MENGGUNAKAN PENGENAL BARU DI KEDUA KOLOM
→ 147 const user = await prisma.users.findFirst(
Error occurred during query execution:
ConnectorError(ConnectorError { user_facing_error: None, kind: QueryError(PostgresError { code: "42501", message: "permission denied for schema auth", severity: "ERROR", detail: None, column: None, hint: None }), transient: false })
    at ei.handleRequestError (/home/iwakrejo/api.iwakrejosari.com/src/generated/client/runtime/library.js:125:7458)
    at ei.handleAndLogRequestError (/home/iwakrejo/api.iwakrejosari.com/src/generated/client/runtime/library.js:125:6593)
    at ei.request (/home/iwakrejo/api.iwakrejosari.com/src/generated/client/runtime/library.js:125:6300)
    at async a (/home/iwakrejo/api.iwakrejosari.com/src/generated/client/runtime/library.js:134:9551)
    at async exports.login (/home/iwakrejo/api.iwakrejosari.com/src/controllers/auth.controller.js:147:18) {
  clientVersion: '6.19.0'
}
Login error: PrismaClientUnknownRequestError: 
Invalid `prisma.users.findFirst()` invocation in
/home/iwakrejo/api.iwakrejosari.com/src/controllers/auth.controller.js:147:37

  144 }
  145 
  146 // CARI USER MENGGUNAKAN PENGENAL BARU DI KEDUA KOLOM
→ 147 const user = await prisma.users.findFirst(
Error occurred during query execution:
ConnectorError(ConnectorError { user_facing_error: None, kind: QueryError(PostgresError { code: "42501", message: "permission denied for schema auth", severity: "ERROR", detail: None, column: None, hint: None }), transient: false })
    at ei.handleRequestError (/home/iwakrejo/api.iwakrejosari.com/src/generated/client/runtime/library.js:125:7458)
    at ei.handleAndLogRequestError (/home/iwakrejo/api.iwakrejosari.com/src/generated/client/runtime/library.js:125:6593)
    at ei.request (/home/iwakrejo/api.iwakrejosari.com/src/generated/client/runtime/library.js:125:6300)
    at async a (/home/iwakrejo/api.iwakrejosari.com/src/generated/client/runtime/library.js:134:9551)
    at async exports.login (/home/iwakrejo/api.iwakrejosari.com/src/controllers/auth.controller.js:147:18) {
  clientVersion: '6.19.0'
}
Login error: PrismaClientUnknownRequestError: 
Invalid `prisma.users.findFirst()` invocation in
/home/iwakrejo/api.iwakrejosari.com/src/controllers/auth.controller.js:147:37

  144 }
  145 
  146 // CARI USER MENGGUNAKAN PENGENAL BARU DI KEDUA KOLOM
→ 147 const user = await prisma.users.findFirst(
Error occurred during query execution:
ConnectorError(ConnectorError { user_facing_error: None, kind: QueryError(PostgresError { code: "42501", message: "permission denied for schema auth", severity: "ERROR", detail: None, column: None, hint: None }), transient: false })
    at ei.handleRequestError (/home/iwakrejo/api.iwakrejosari.com/src/generated/client/runtime/library.js:125:7458)
    at ei.handleAndLogRequestError (/home/iwakrejo/api.iwakrejosari.com/src/generated/client/runtime/library.js:125:6593)
    at ei.request (/home/iwakrejo/api.iwakrejosari.com/src/generated/client/runtime/library.js:125:6300)
    at async a (/home/iwakrejo/api.iwakrejosari.com/src/generated/client/runtime/library.js:134:9551)
    at async exports.login (/home/iwakrejo/api.iwakrejosari.com/src/controllers/auth.controller.js:147:18) {
  clientVersion: '6.19.0'
}
/home/iwakrejo/nodevenv/api.iwakrejosari.com/20/lib/node_modules/.prisma/client/default.js:43
    throw new Error('@prisma/client did not initialize yet. Please run "prisma generate" and try to import it again.');
    ^

Error: @prisma/client did not initialize yet. Please run "prisma generate" and try to import it again.
    at new PrismaClient (/home/iwakrejo/nodevenv/api.iwakrejosari.com/20/lib/node_modules/.prisma/client/default.js:43:11)
    at Object.<anonymous> (/home/iwakrejo/api.iwakrejosari.com/src/utils/prisma.util.js:3:16)
    at Module._compile (node:internal/modules/cjs/loader:1529:14)
    at Module._extensions..js (node:internal/modules/cjs/loader:1613:10)
    at Module.load (node:internal/modules/cjs/loader:1275:32)
    at Module._load (node:internal/modules/cjs/loader:1096:12)
    at Module.require (node:internal/modules/cjs/loader:1298:19)
    at require (node:internal/modules/helpers:182:18)
    at Object.<anonymous> (/home/iwakrejo/api.iwakrejosari.com/src/controllers/auth.controller.js:2:16)
    at Module._compile (node:internal/modules/cjs/loader:1529:14)

Node.js v20.19.4
/home/iwakrejo/nodevenv/api.iwakrejosari.com/20/lib/node_modules/.prisma/client/default.js:43
    throw new Error('@prisma/client did not initialize yet. Please run "prisma generate" and try to import it again.');
    ^

Error: @prisma/client did not initialize yet. Please run "prisma generate" and try to import it again.
    at new PrismaClient (/home/iwakrejo/nodevenv/api.iwakrejosari.com/20/lib/node_modules/.prisma/client/default.js:43:11)
    at Object.<anonymous> (/home/iwakrejo/api.iwakrejosari.com/src/utils/prisma.util.js:3:16)
    at Module._compile (node:internal/modules/cjs/loader:1529:14)
    at Module._extensions..js (node:internal/modules/cjs/loader:1613:10)
    at Module.load (node:internal/modules/cjs/loader:1275:32)
    at Module._load (node:internal/modules/cjs/loader:1096:12)
    at Module.require (node:internal/modules/cjs/loader:1298:19)
    at require (node:internal/modules/helpers:182:18)
    at Object.<anonymous> (/home/iwakrejo/api.iwakrejosari.com/src/controllers/auth.controller.js:2:16)
    at Module._compile (node:internal/modules/cjs/loader:1529:14)

Node.js v20.19.4
/home/iwakrejo/nodevenv/api.iwakrejosari.com/20/lib/node_modules/.prisma/client/default.js:43
    throw new Error('@prisma/client did not initialize yet. Please run "prisma generate" and try to import it again.');
    ^

Error: @prisma/client did not initialize yet. Please run "prisma generate" and try to import it again.
    at new PrismaClient (/home/iwakrejo/nodevenv/api.iwakrejosari.com/20/lib/node_modules/.prisma/client/default.js:43:11)
    at Object.<anonymous> (/home/iwakrejo/api.iwakrejosari.com/src/utils/prisma.util.js:3:16)
    at Module._compile (node:internal/modules/cjs/loader:1529:14)
    at Module._extensions..js (node:internal/modules/cjs/loader:1613:10)
    at Module.load (node:internal/modules/cjs/loader:1275:32)
    at Module._load (node:internal/modules/cjs/loader:1096:12)
    at Module.require (node:internal/modules/cjs/loader:1298:19)
    at require (node:internal/modules/helpers:182:18)
    at Object.<anonymous> (/home/iwakrejo/api.iwakrejosari.com/src/controllers/auth.controller.js:2:16)
    at Module._compile (node:internal/modules/cjs/loader:1529:14)

Node.js v20.19.4
/home/iwakrejo/nodevenv/api.iwakrejosari.com/20/lib/node_modules/.prisma/client/default.js:43
    throw new Error('@prisma/client did not initialize yet. Please run "prisma generate" and try to import it again.');
    ^

Error: @prisma/client did not initialize yet. Please run "prisma generate" and try to import it again.
    at new PrismaClient (/home/iwakrejo/nodevenv/api.iwakrejosari.com/20/lib/node_modules/.prisma/client/default.js:43:11)
    at Object.<anonymous> (/home/iwakrejo/api.iwakrejosari.com/src/utils/prisma.util.js:3:16)
    at Module._compile (node:internal/modules/cjs/loader:1529:14)
    at Module._extensions..js (node:internal/modules/cjs/loader:1613:10)
    at Module.load (node:internal/modules/cjs/loader:1275:32)
    at Module._load (node:internal/modules/cjs/loader:1096:12)
    at Module.require (node:internal/modules/cjs/loader:1298:19)
    at require (node:internal/modules/helpers:182:18)
    at Object.<anonymous> (/home/iwakrejo/api.iwakrejosari.com/src/controllers/auth.controller.js:2:16)
    at Module._compile (node:internal/modules/cjs/loader:1529:14)

Node.js v20.19.4
/home/iwakrejo/nodevenv/api.iwakrejosari.com/20/lib/node_modules/.prisma/client/default.js:43
    throw new Error('@prisma/client did not initialize yet. Please run "prisma generate" and try to import it again.');
    ^

Error: @prisma/client did not initialize yet. Please run "prisma generate" and try to import it again.
    at new PrismaClient (/home/iwakrejo/nodevenv/api.iwakrejosari.com/20/lib/node_modules/.prisma/client/default.js:43:11)
    at Object.<anonymous> (/home/iwakrejo/api.iwakrejosari.com/src/utils/prisma.util.js:3:16)
    at Module._compile (node:internal/modules/cjs/loader:1529:14)
    at Module._extensions..js (node:internal/modules/cjs/loader:1613:10)
    at Module.load (node:internal/modules/cjs/loader:1275:32)
    at Module._load (node:internal/modules/cjs/loader:1096:12)
    at Module.require (node:internal/modules/cjs/loader:1298:19)
    at require (node:internal/modules/helpers:182:18)
    at Object.<anonymous> (/home/iwakrejo/api.iwakrejosari.com/src/controllers/auth.controller.js:2:16)
    at Module._compile (node:internal/modules/cjs/loader:1529:14)

Node.js v20.19.4
/home/iwakrejo/nodevenv/api.iwakrejosari.com/20/lib/node_modules/.prisma/client/default.js:43
    throw new Error('@prisma/client did not initialize yet. Please run "prisma generate" and try to import it again.');
    ^

Error: @prisma/client did not initialize yet. Please run "prisma generate" and try to import it again.
    at new PrismaClient (/home/iwakrejo/nodevenv/api.iwakrejosari.com/20/lib/node_modules/.prisma/client/default.js:43:11)
    at Object.<anonymous> (/home/iwakrejo/api.iwakrejosari.com/src/utils/prisma.util.js:3:16)
    at Module._compile (node:internal/modules/cjs/loader:1529:14)
    at Module._extensions..js (node:internal/modules/cjs/loader:1613:10)
    at Module.load (node:internal/modules/cjs/loader:1275:32)
    at Module._load (node:internal/modules/cjs/loader:1096:12)
    at Module.require (node:internal/modules/cjs/loader:1298:19)
    at require (node:internal/modules/helpers:182:18)
    at Object.<anonymous> (/home/iwakrejo/api.iwakrejosari.com/src/controllers/auth.controller.js:2:16)
    at Module._compile (node:internal/modules/cjs/loader:1529:14)

Node.js v20.19.4
/home/iwakrejo/nodevenv/api.iwakrejosari.com/20/lib/node_modules/.prisma/client/default.js:43
    throw new Error('@prisma/client did not initialize yet. Please run "prisma generate" and try to import it again.');
    ^

Error: @prisma/client did not initialize yet. Please run "prisma generate" and try to import it again.
    at new PrismaClient (/home/iwakrejo/nodevenv/api.iwakrejosari.com/20/lib/node_modules/.prisma/client/default.js:43:11)
    at Object.<anonymous> (/home/iwakrejo/api.iwakrejosari.com/src/utils/prisma.util.js:3:16)
    at Module._compile (node:internal/modules/cjs/loader:1529:14)
    at Module._extensions..js (node:internal/modules/cjs/loader:1613:10)
    at Module.load (node:internal/modules/cjs/loader:1275:32)
    at Module._load (node:internal/modules/cjs/loader:1096:12)
    at Module.require (node:internal/modules/cjs/loader:1298:19)
    at require (node:internal/modules/helpers:182:18)
    at Object.<anonymous> (/home/iwakrejo/api.iwakrejosari.com/src/controllers/auth.controller.js:2:16)
    at Module._compile (node:internal/modules/cjs/loader:1529:14)

Node.js v20.19.4
/home/iwakrejo/nodevenv/api.iwakrejosari.com/20/lib/node_modules/.prisma/client/default.js:43
    throw new Error('@prisma/client did not initialize yet. Please run "prisma generate" and try to import it again.');
    ^

Error: @prisma/client did not initialize yet. Please run "prisma generate" and try to import it again.
    at new PrismaClient (/home/iwakrejo/nodevenv/api.iwakrejosari.com/20/lib/node_modules/.prisma/client/default.js:43:11)
    at Object.<anonymous> (/home/iwakrejo/api.iwakrejosari.com/src/utils/prisma.util.js:3:16)
    at Module._compile (node:internal/modules/cjs/loader:1529:14)
    at Module._extensions..js (node:internal/modules/cjs/loader:1613:10)
    at Module.load (node:internal/modules/cjs/loader:1275:32)
    at Module._load (node:internal/modules/cjs/loader:1096:12)
    at Module.require (node:internal/modules/cjs/loader:1298:19)
    at require (node:internal/modules/helpers:182:18)
    at Object.<anonymous> (/home/iwakrejo/api.iwakrejosari.com/src/controllers/auth.controller.js:2:16)
    at Module._compile (node:internal/modules/cjs/loader:1529:14)

Node.js v20.19.4
/home/iwakrejo/nodevenv/api.iwakrejosari.com/20/lib/node_modules/.prisma/client/default.js:43
    throw new Error('@prisma/client did not initialize yet. Please run "prisma generate" and try to import it again.');
    ^

Error: @prisma/client did not initialize yet. Please run "prisma generate" and try to import it again.
    at new PrismaClient (/home/iwakrejo/nodevenv/api.iwakrejosari.com/20/lib/node_modules/.prisma/client/default.js:43:11)
    at Object.<anonymous> (/home/iwakrejo/api.iwakrejosari.com/src/utils/prisma.util.js:3:16)
    at Module._compile (node:internal/modules/cjs/loader:1529:14)
    at Module._extensions..js (node:internal/modules/cjs/loader:1613:10)
    at Module.load (node:internal/modules/cjs/loader:1275:32)
    at Module._load (node:internal/modules/cjs/loader:1096:12)
    at Module.require (node:internal/modules/cjs/loader:1298:19)
    at require (node:internal/modules/helpers:182:18)
    at Object.<anonymous> (/home/iwakrejo/api.iwakrejosari.com/src/controllers/auth.controller.js:2:16)
    at Module._compile (node:internal/modules/cjs/loader:1529:14)

Node.js v20.19.4
/home/iwakrejo/nodevenv/api.iwakrejosari.com/20/lib/node_modules/.prisma/client/default.js:43
    throw new Error('@prisma/client did not initialize yet. Please run "prisma generate" and try to import it again.');
    ^

Error: @prisma/client did not initialize yet. Please run "prisma generate" and try to import it again.
    at new PrismaClient (/home/iwakrejo/nodevenv/api.iwakrejosari.com/20/lib/node_modules/.prisma/client/default.js:43:11)
    at Object.<anonymous> (/home/iwakrejo/api.iwakrejosari.com/src/utils/prisma.util.js:3:16)
    at Module._compile (node:internal/modules/cjs/loader:1529:14)
    at Module._extensions..js (node:internal/modules/cjs/loader:1613:10)
    at Module.load (node:internal/modules/cjs/loader:1275:32)
    at Module._load (node:internal/modules/cjs/loader:1096:12)
    at Module.require (node:internal/modules/cjs/loader:1298:19)
    at require (node:internal/modules/helpers:182:18)
    at Object.<anonymous> (/home/iwakrejo/api.iwakrejosari.com/src/controllers/auth.controller.js:2:16)
    at Module._compile (node:internal/modules/cjs/loader:1529:14)

Node.js v20.19.4
/home/iwakrejo/nodevenv/api.iwakrejosari.com/20/lib/node_modules/.prisma/client/default.js:43
    throw new Error('@prisma/client did not initialize yet. Please run "prisma generate" and try to import it again.');
    ^

Error: @prisma/client did not initialize yet. Please run "prisma generate" and try to import it again.
    at new PrismaClient (/home/iwakrejo/nodevenv/api.iwakrejosari.com/20/lib/node_modules/.prisma/client/default.js:43:11)
    at Object.<anonymous> (/home/iwakrejo/api.iwakrejosari.com/src/utils/prisma.util.js:3:16)
    at Module._compile (node:internal/modules/cjs/loader:1529:14)
    at Module._extensions..js (node:internal/modules/cjs/loader:1613:10)
    at Module.load (node:internal/modules/cjs/loader:1275:32)
    at Module._load (node:internal/modules/cjs/loader:1096:12)
    at Module.require (node:internal/modules/cjs/loader:1298:19)
    at require (node:internal/modules/helpers:182:18)
    at Object.<anonymous> (/home/iwakrejo/api.iwakrejosari.com/src/controllers/auth.controller.js:2:16)
    at Module._compile (node:internal/modules/cjs/loader:1529:14)

Node.js v20.19.4
/home/iwakrejo/nodevenv/api.iwakrejosari.com/20/lib/node_modules/.prisma/client/default.js:43
    throw new Error('@prisma/client did not initialize yet. Please run "prisma generate" and try to import it again.');
    ^

Error: @prisma/client did not initialize yet. Please run "prisma generate" and try to import it again.
    at new PrismaClient (/home/iwakrejo/nodevenv/api.iwakrejosari.com/20/lib/node_modules/.prisma/client/default.js:43:11)
    at Object.<anonymous> (/home/iwakrejo/api.iwakrejosari.com/src/utils/prisma.util.js:3:16)
    at Module._compile (node:internal/modules/cjs/loader:1529:14)
    at Module._extensions..js (node:internal/modules/cjs/loader:1613:10)
    at Module.load (node:internal/modules/cjs/loader:1275:32)
    at Module._load (node:internal/modules/cjs/loader:1096:12)
    at Module.require (node:internal/modules/cjs/loader:1298:19)
    at require (node:internal/modules/helpers:182:18)
    at Object.<anonymous> (/home/iwakrejo/api.iwakrejosari.com/src/controllers/auth.controller.js:2:16)
    at Module._compile (node:internal/modules/cjs/loader:1529:14)

Node.js v20.19.4
/home/iwakrejo/nodevenv/api.iwakrejosari.com/20/lib/node_modules/.prisma/client/default.js:43
    throw new Error('@prisma/client did not initialize yet. Please run "prisma generate" and try to import it again.');
    ^

Error: @prisma/client did not initialize yet. Please run "prisma generate" and try to import it again.
    at new PrismaClient (/home/iwakrejo/nodevenv/api.iwakrejosari.com/20/lib/node_modules/.prisma/client/default.js:43:11)
    at Object.<anonymous> (/home/iwakrejo/api.iwakrejosari.com/src/utils/prisma.util.js:3:16)
    at Module._compile (node:internal/modules/cjs/loader:1529:14)
    at Module._extensions..js (node:internal/modules/cjs/loader:1613:10)
    at Module.load (node:internal/modules/cjs/loader:1275:32)
    at Module._load (node:internal/modules/cjs/loader:1096:12)
    at Module.require (node:internal/modules/cjs/loader:1298:19)
    at require (node:internal/modules/helpers:182:18)
    at Object.<anonymous> (/home/iwakrejo/api.iwakrejosari.com/src/controllers/auth.controller.js:2:16)
    at Module._compile (node:internal/modules/cjs/loader:1529:14)

Node.js v20.19.4
/home/iwakrejo/nodevenv/api.iwakrejosari.com/20/lib/node_modules/.prisma/client/default.js:43
    throw new Error('@prisma/client did not initialize yet. Please run "prisma generate" and try to import it again.');
    ^

Error: @prisma/client did not initialize yet. Please run "prisma generate" and try to import it again.
    at new PrismaClient (/home/iwakrejo/nodevenv/api.iwakrejosari.com/20/lib/node_modules/.prisma/client/default.js:43:11)
    at Object.<anonymous> (/home/iwakrejo/api.iwakrejosari.com/src/utils/prisma.util.js:3:16)
    at Module._compile (node:internal/modules/cjs/loader:1529:14)
    at Module._extensions..js (node:internal/modules/cjs/loader:1613:10)
    at Module.load (node:internal/modules/cjs/loader:1275:32)
    at Module._load (node:internal/modules/cjs/loader:1096:12)
    at Module.require (node:internal/modules/cjs/loader:1298:19)
    at require (node:internal/modules/helpers:182:18)
    at Object.<anonymous> (/home/iwakrejo/api.iwakrejosari.com/src/controllers/auth.controller.js:2:16)
    at Module._compile (node:internal/modules/cjs/loader:1529:14)

Node.js v20.19.4
/home/iwakrejo/nodevenv/api.iwakrejosari.com/20/lib/node_modules/.prisma/client/default.js:43
    throw new Error('@prisma/client did not initialize yet. Please run "prisma generate" and try to import it again.');
    ^

Error: @prisma/client did not initialize yet. Please run "prisma generate" and try to import it again.
    at new PrismaClient (/home/iwakrejo/nodevenv/api.iwakrejosari.com/20/lib/node_modules/.prisma/client/default.js:43:11)
    at Object.<anonymous> (/home/iwakrejo/api.iwakrejosari.com/src/utils/prisma.util.js:3:16)
    at Module._compile (node:internal/modules/cjs/loader:1529:14)
    at Module._extensions..js (node:internal/modules/cjs/loader:1613:10)
    at Module.load (node:internal/modules/cjs/loader:1275:32)
    at Module._load (node:internal/modules/cjs/loader:1096:12)
    at Module.require (node:internal/modules/cjs/loader:1298:19)
    at require (node:internal/modules/helpers:182:18)
    at Object.<anonymous> (/home/iwakrejo/api.iwakrejosari.com/src/controllers/auth.controller.js:2:16)
    at Module._compile (node:internal/modules/cjs/loader:1529:14)

Node.js v20.19.4
/home/iwakrejo/nodevenv/api.iwakrejosari.com/20/lib/node_modules/.prisma/client/default.js:43
    throw new Error('@prisma/client did not initialize yet. Please run "prisma generate" and try to import it again.');
    ^

Error: @prisma/client did not initialize yet. Please run "prisma generate" and try to import it again.
    at new PrismaClient (/home/iwakrejo/nodevenv/api.iwakrejosari.com/20/lib/node_modules/.prisma/client/default.js:43:11)
    at Object.<anonymous> (/home/iwakrejo/api.iwakrejosari.com/src/utils/prisma.util.js:3:16)
    at Module._compile (node:internal/modules/cjs/loader:1529:14)
    at Module._extensions..js (node:internal/modules/cjs/loader:1613:10)
    at Module.load (node:internal/modules/cjs/loader:1275:32)
    at Module._load (node:internal/modules/cjs/loader:1096:12)
    at Module.require (node:internal/modules/cjs/loader:1298:19)
    at require (node:internal/modules/helpers:182:18)
    at Object.<anonymous> (/home/iwakrejo/api.iwakrejosari.com/src/controllers/auth.controller.js:2:16)
    at Module._compile (node:internal/modules/cjs/loader:1529:14)

Node.js v20.19.4
/home/iwakrejo/nodevenv/api.iwakrejosari.com/20/lib/node_modules/.prisma/client/default.js:43
    throw new Error('@prisma/client did not initialize yet. Please run "prisma generate" and try to import it again.');
    ^

Error: @prisma/client did not initialize yet. Please run "prisma generate" and try to import it again.
    at new PrismaClient (/home/iwakrejo/nodevenv/api.iwakrejosari.com/20/lib/node_modules/.prisma/client/default.js:43:11)
    at Object.<anonymous> (/home/iwakrejo/api.iwakrejosari.com/src/utils/prisma.util.js:3:16)
    at Module._compile (node:internal/modules/cjs/loader:1529:14)
    at Module._extensions..js (node:internal/modules/cjs/loader:1613:10)
    at Module.load (node:internal/modules/cjs/loader:1275:32)
    at Module._load (node:internal/modules/cjs/loader:1096:12)
    at Module.require (node:internal/modules/cjs/loader:1298:19)
    at require (node:internal/modules/helpers:182:18)
    at Object.<anonymous> (/home/iwakrejo/api.iwakrejosari.com/src/controllers/auth.controller.js:2:16)
    at Module._compile (node:internal/modules/cjs/loader:1529:14)

Node.js v20.19.4
